2022-02-11T03:52:02.232Z - normal: Load ~/.CocosCreator/settings.json
2022-02-11T03:52:02.268Z - normal: Initializing Asset Database
2022-02-11T03:52:02.281Z - normal: checking language setting...
2022-02-11T03:52:02.281Z - normal: Language: zh
2022-02-11T03:52:02.848Z - success: protocol editor-framework registered
2022-02-11T03:52:02.849Z - success: protocol app registered
2022-02-11T03:52:02.849Z - success: protocol theme registered
2022-02-11T03:52:02.849Z - success: protocol packages registered
2022-02-11T03:52:02.849Z - success: protocol uuid registerred
2022-02-11T03:52:02.849Z - success: protocol db registerred
2022-02-11T03:52:02.851Z - success: protocol thumbnail registerred
2022-02-11T03:52:02.852Z - success: protocol unpack registerred
2022-02-11T03:52:02.852Z - success: protocol disable-commonjs registerred
2022-02-11T03:52:03.027Z - normal: connected!
2022-02-11T03:52:03.028Z - normal: Check project D:\cocos\chinared
2022-02-11T03:52:03.029Z - normal: Initializing project D:\cocos\chinared
2022-02-11T03:52:03.160Z - success: adapters loaded
2022-02-11T03:52:03.162Z - success: asset-db-debugger loaded
2022-02-11T03:52:03.207Z - success: fb-audience-network loaded
2022-02-11T03:52:03.235Z - success: fb-live-stream loaded
2022-02-11T03:52:03.237Z - success: google-play-instant loaded
2022-02-11T03:52:03.238Z - success: jsb-adapter loaded
2022-02-11T03:52:03.240Z - success: package-manager loaded
2022-02-11T03:52:03.240Z - success: runtime-adapters loaded
2022-02-11T03:52:03.242Z - success: runtime-dev-tools loaded
2022-02-11T03:52:03.245Z - success: ui-kit-preview-extra loaded
2022-02-11T03:52:03.246Z - success: ui-kit-preview loaded
2022-02-11T03:52:03.284Z - success: alipay-minigame loaded
2022-02-11T03:52:03.320Z - success: assets loaded
2022-02-11T03:52:03.322Z - success: baidugame-opendata loaded
2022-02-11T03:52:03.323Z - success: baidugame loaded
2022-02-11T03:52:03.325Z - success: builder loaded
2022-02-11T03:52:03.326Z - success: bytedance-opendata loaded
2022-02-11T03:52:03.327Z - success: bytedance loaded
2022-02-11T03:52:03.329Z - success: channel-upload-tools loaded
2022-02-11T03:52:03.332Z - success: cloud-function loaded
2022-02-11T03:52:03.449Z - success: cocos-services loaded
2022-02-11T03:52:03.451Z - success: console loaded
2022-02-11T03:52:03.452Z - success: curve-editor loaded
2022-02-11T03:52:03.460Z - success: fb-instant-games loaded
2022-02-11T03:52:03.462Z - success: game-window loaded
2022-02-11T03:52:03.462Z - success: google-instant-games loaded
2022-02-11T03:52:03.464Z - success: hierarchy loaded
2022-02-11T03:52:03.466Z - success: huawei-agc loaded
2022-02-11T03:52:03.468Z - success: huawei-runtime loaded
2022-02-11T03:52:03.470Z - success: inspector loaded
2022-02-11T03:52:03.481Z - success: cpk-publish loaded
2022-02-11T03:52:03.481Z - success: keystore loaded
2022-02-11T03:52:03.492Z - success: link-sure-runtime loaded
2022-02-11T03:52:03.499Z - success: node-library loaded
2022-02-11T03:52:03.499Z - success: open-recent-items loaded
2022-02-11T03:52:03.501Z - success: oppo-runtime loaded
2022-02-11T03:52:03.502Z - success: package-asset loaded
2022-02-11T03:52:03.503Z - success: preferences loaded
2022-02-11T03:52:03.503Z - success: project-importer loaded
2022-02-11T03:52:03.504Z - success: project-settings loaded
2022-02-11T03:52:03.518Z - success: qtt-runtime loaded
2022-02-11T03:52:03.520Z - success: scene loaded
2022-02-11T03:52:03.520Z - success: simulator-debugger loaded
2022-02-11T03:52:03.521Z - success: sprite-editor loaded
2022-02-11T03:52:03.548Z - success: store loaded
2022-02-11T03:52:03.549Z - success: timeline loaded
2022-02-11T03:52:03.552Z - success: vivo-runtime loaded
2022-02-11T03:52:03.553Z - success: wechatgame-opendata loaded
2022-02-11T03:52:03.556Z - success: wechatgame loaded
2022-02-11T03:52:03.558Z - success: xiaomi-runtime loaded
2022-02-11T03:52:03.560Z - success: bitmap-font-free loaded
2022-02-11T03:52:03.561Z - success: bitmapfont loaded
2022-02-11T03:52:03.598Z - success: im-plugin loaded
2022-02-11T03:52:03.602Z - success: build-setting loaded
2022-02-11T03:52:03.607Z - success: ccc-references-finder loaded
2022-02-11T03:52:03.608Z - success: simple-package loaded
2022-02-11T03:52:03.611Z - success: preview server running at http://localhost:7456
2022-02-11T03:52:04.624Z - normal: Initializing Cocos2d
2022-02-11T03:52:04.945Z - normal: Initializing engine extends
2022-02-11T03:52:06.185Z - info: Cocos Service load base data!
2022-02-11T03:52:07.956Z - info: shutdown preview server
